[analytics.public] aggregate stats unavailable {
  message: '\n' +
    'Invalid `prisma.$queryRaw()` invocation:\n' +
    '\n' +
    '\n' +
    'Raw query failed. Code: `42P01`. Message: `relation "study_sessions" does not exist`'
}
[analytics.public] aggregate stats unavailable {
  message: '\n' +
    'Invalid `prisma.$queryRaw()` invocation:\n' +
    '\n' +
    '\n' +
    'Raw query failed. Code: `42P01`. Message: `relation "study_sessions" does not exist`'
}
[analytics.public] aggregate stats unavailable {
  message: '\n' +
    'Invalid `prisma.$queryRaw()` invocation:\n' +
    '\n' +
    '\n' +
    'Raw query failed. Code: `42P01`. Message: `relation "study_sessions" does not exist`'
}
[analytics.public] aggregate stats unavailable {
  message: '\n' +
    'Invalid `prisma.$queryRaw()` invocation:\n' +
    '\n' +
    '\n' +
    'Raw query failed. Code: `42P01`. Message: `relation "study_sessions" does not exist`'
}
[analytics.public] aggregate stats unavailable {
  message: '\n' +
    'Invalid `prisma.$queryRaw()` invocation:\n' +
    '\n' +
    '\n' +
    'Raw query failed. Code: `42P01`. Message: `relation "study_sessions" does not exist`'
}
[analytics.public] aggregate stats unavailable {
  message: '\n' +
    'Invalid `prisma.$queryRaw()` invocation:\n' +
    '\n' +
    '\n' +
    'Raw query failed. Code: `42P01`. Message: `relation "study_sessions" does not exist`'
}
⨯ SyntaxError: Unexpected end of JSON input
    at JSON.parse (<anonymous>) {
  page: '/manifest.webmanifest'
}
⨯ SyntaxError: Unexpected end of JSON input
    at JSON.parse (<anonymous>) {
  page: '/manifest.webmanifest'
}
⨯ SyntaxError: Unexpected end of JSON input
    at JSON.parse (<anonymous>) {
  page: '/manifest.webmanifest'
}
